\BOOKMARK [1][-]{section.1}{\376\377\000I\000n\000t\000r\000o\000d\000u\000c\000t\000i\000o\000n}{}% 1
\BOOKMARK [1][-]{section.2}{\376\377\000A\000p\000p\000r\000o\000a\000c\000h}{}% 2
\BOOKMARK [2][-]{subsection.2.1}{\376\377\000V\000i\000s\000u\000a\000l\000\040\000p\000r\000o\000c\000e\000s\000s\000i\000n\000g\000\040\000a\000n\000d\000\040\000t\000h\000e\000\040\000P\000e\000r\000c\000e\000i\000v\000e\000r\000\040\000R\000e\000s\000a\000m\000p\000l\000e\000r}{section.2}% 3
\BOOKMARK [2][-]{subsection.2.2}{\376\377\000C\000o\000n\000d\000i\000t\000i\000o\000n\000i\000n\000g\000\040\000f\000r\000o\000z\000e\000n\000\040\000l\000a\000n\000g\000u\000a\000g\000e\000\040\000m\000o\000d\000e\000l\000s\000\040\000o\000n\000\040\000v\000i\000s\000u\000a\000l\000\040\000r\000e\000p\000r\000e\000s\000e\000n\000t\000a\000t\000i\000o\000n\000s}{section.2}% 4
\BOOKMARK [2][-]{subsection.2.3}{\376\377\000M\000u\000l\000t\000i\000-\000v\000i\000s\000u\000a\000l\000\040\000i\000n\000p\000u\000t\000\040\000s\000u\000p\000p\000o\000r\000t\000:\000\040\000p\000e\000r\000-\000i\000m\000a\000g\000e\000/\000v\000i\000d\000e\000o\000\040\000a\000t\000t\000e\000n\000t\000i\000o\000n\000\040\000m\000a\000s\000k\000i\000n\000g}{section.2}% 5
\BOOKMARK [2][-]{subsection.2.4}{\376\377\000T\000r\000a\000i\000n\000i\000n\000g\000\040\000o\000n\000\040\000a\000\040\000m\000i\000x\000t\000u\000r\000e\000\040\000o\000f\000\040\000v\000i\000s\000i\000o\000n\000\040\000a\000n\000d\000\040\000l\000a\000n\000g\000u\000a\000g\000e\000\040\000d\000a\000t\000a\000s\000e\000t\000s}{section.2}% 6
\BOOKMARK [2][-]{subsection.2.5}{\376\377\000T\000a\000s\000k\000\040\000a\000d\000a\000p\000t\000a\000t\000i\000o\000n\000\040\000w\000i\000t\000h\000\040\000f\000e\000w\000-\000s\000h\000o\000t\000\040\000i\000n\000-\000c\000o\000n\000t\000e\000x\000t\000\040\000l\000e\000a\000r\000n\000i\000n\000g}{section.2}% 7
\BOOKMARK [1][-]{section.3}{\376\377\000E\000x\000p\000e\000r\000i\000m\000e\000n\000t\000s}{}% 8
\BOOKMARK [2][-]{subsection.3.1}{\376\377\000F\000e\000w\000-\000s\000h\000o\000t\000\040\000l\000e\000a\000r\000n\000i\000n\000g\000\040\000o\000n\000\040\000v\000i\000s\000i\000o\000n\000-\000l\000a\000n\000g\000u\000a\000g\000e\000\040\000t\000a\000s\000k\000s}{section.3}% 9
\BOOKMARK [2][-]{subsection.3.2}{\376\377\000F\000i\000n\000e\000-\000t\000u\000n\000i\000n\000g\000\040\000F\000l\000a\000m\000i\000n\000g\000o\000\040\000a\000s\000\040\000a\000\040\000p\000r\000e\000t\000r\000a\000i\000n\000e\000d\000\040\000v\000i\000s\000i\000o\000n\000-\000l\000a\000n\000g\000u\000a\000g\000e\000\040\000m\000o\000d\000e\000l}{section.3}% 10
\BOOKMARK [2][-]{subsection.3.3}{\376\377\000A\000b\000l\000a\000t\000i\000o\000n\000\040\000s\000t\000u\000d\000i\000e\000s}{section.3}% 11
\BOOKMARK [1][-]{section.4}{\376\377\000R\000e\000l\000a\000t\000e\000d\000\040\000w\000o\000r\000k}{}% 12
\BOOKMARK [1][-]{section.5}{\376\377\000D\000i\000s\000c\000u\000s\000s\000i\000o\000n}{}% 13
\BOOKMARK [1][-]{appendix.A}{\376\377\000M\000e\000t\000h\000o\000d}{}% 14
\BOOKMARK [2][-]{subsection.A.1}{\376\377\000M\000o\000d\000e\000l\000\040\000d\000e\000t\000a\000i\000l\000s}{appendix.A}% 15
\BOOKMARK [3][-]{subsubsection.A.1.1}{\376\377\000P\000e\000r\000c\000e\000i\000v\000e\000r\000\040\000R\000e\000s\000a\000m\000p\000l\000e\000r}{subsection.A.1}% 16
\BOOKMARK [3][-]{subsubsection.A.1.2}{\376\377\000g\000a\000t\000e\000d\000\040\000x\000a\000t\000t\000n\000-\000d\000e\000n\000s\000e\000\040\000d\000e\000t\000a\000i\000l\000s}{subsection.A.1}% 17
\BOOKMARK [3][-]{subsubsection.A.1.3}{\376\377\000M\000u\000l\000t\000i\000-\000v\000i\000s\000u\000a\000l\000\040\000i\000n\000p\000u\000t\000\040\000s\000u\000p\000p\000o\000r\000t}{subsection.A.1}% 18
\BOOKMARK [3][-]{subsubsection.A.1.4}{\376\377\000T\000r\000a\000n\000s\000f\000o\000r\000m\000e\000r\000\040\000a\000r\000c\000h\000i\000t\000e\000c\000t\000u\000r\000e}{subsection.A.1}% 19
\BOOKMARK [2][-]{subsection.A.2}{\376\377\000I\000n\000-\000c\000o\000n\000t\000e\000x\000t\000\040\000f\000e\000w\000-\000s\000h\000o\000t\000\040\000e\000v\000a\000l\000u\000a\000t\000i\000o\000n\000\040\000d\000e\000t\000a\000i\000l\000s}{appendix.A}% 20
\BOOKMARK [2][-]{subsection.A.3}{\376\377\000T\000r\000a\000i\000n\000i\000n\000g\000\040\000d\000a\000t\000a\000s\000e\000t\000\040\000d\000e\000t\000a\000i\000l\000s}{appendix.A}% 21
\BOOKMARK [3][-]{subsubsection.A.3.1}{\376\377\000M\0003\000W\000\040\000c\000o\000l\000l\000e\000c\000t\000i\000o\000n}{subsection.A.3}% 22
\BOOKMARK [3][-]{subsubsection.A.3.2}{\376\377\000M\0003\000W\000\040\000i\000m\000a\000g\000e\000-\000p\000l\000a\000c\000e\000m\000e\000n\000t\000\040\000a\000u\000g\000m\000e\000n\000t\000a\000t\000i\000o\000n}{subsection.A.3}% 23
\BOOKMARK [3][-]{subsubsection.A.3.3}{\376\377\000L\000T\000I\000P\000\040\000a\000n\000d\000\040\000V\000T\000P\000:\000\040\000V\000i\000s\000u\000a\000l\000\040\000d\000a\000t\000a\000\040\000p\000a\000i\000r\000e\000d\000\040\000w\000i\000t\000h\000\040\000t\000e\000x\000t}{subsection.A.3}% 24
\BOOKMARK [3][-]{subsubsection.A.3.4}{\376\377\000D\000a\000t\000a\000s\000e\000t\000\040\000d\000e\000d\000u\000p\000l\000i\000c\000a\000t\000i\000o\000n\000\040\000a\000g\000a\000i\000n\000s\000t\000\040\000e\000v\000a\000l\000u\000a\000t\000i\000o\000n\000\040\000t\000a\000s\000k\000s}{subsection.A.3}% 25
\BOOKMARK [1][-]{appendix.B}{\376\377\000E\000x\000p\000e\000r\000i\000m\000e\000n\000t\000s}{}% 26
\BOOKMARK [2][-]{subsection.B.1}{\376\377\000T\000r\000a\000i\000n\000i\000n\000g\000\040\000a\000n\000d\000\040\000e\000v\000a\000l\000u\000a\000t\000i\000o\000n\000\040\000d\000e\000t\000a\000i\000l\000s}{appendix.B}% 27
\BOOKMARK [3][-]{subsubsection.B.1.1}{\376\377\000M\000o\000d\000e\000l\000s}{subsection.B.1}% 28
\BOOKMARK [3][-]{subsubsection.B.1.2}{\376\377\000T\000r\000a\000i\000n\000i\000n\000g\000\040\000d\000e\000t\000a\000i\000l\000s\000\040\000f\000o\000r\000\040\000t\000h\000e\000\040\000F\000l\000a\000m\000i\000n\000g\000o\000\040\000m\000o\000d\000e\000l\000s}{subsection.B.1}% 29
\BOOKMARK [3][-]{subsubsection.B.1.3}{\376\377\000C\000o\000n\000t\000r\000a\000s\000t\000i\000v\000e\000\040\000m\000o\000d\000e\000l\000\040\000d\000e\000t\000a\000i\000l\000s}{subsection.B.1}% 30
\BOOKMARK [3][-]{subsubsection.B.1.4}{\376\377\000E\000v\000a\000l\000u\000a\000t\000i\000o\000n\000\040\000b\000e\000n\000c\000h\000m\000a\000r\000k\000s}{subsection.B.1}% 31
\BOOKMARK [3][-]{subsubsection.B.1.5}{\376\377\000F\000e\000w\000-\000s\000h\000o\000t\000\040\000l\000e\000a\000r\000n\000i\000n\000g\000\040\000e\000v\000a\000l\000u\000a\000t\000i\000o\000n\000\040\000h\000y\000p\000e\000r\000p\000a\000r\000a\000m\000e\000t\000e\000r\000s}{subsection.B.1}% 32
\BOOKMARK [3][-]{subsubsection.B.1.6}{\376\377\000D\000i\000a\000l\000o\000g\000u\000e\000\040\000p\000r\000o\000m\000p\000t}{subsection.B.1}% 33
\BOOKMARK [2][-]{subsection.B.2}{\376\377\000A\000d\000d\000i\000t\000i\000o\000n\000a\000l\000\040\000p\000e\000r\000f\000o\000r\000m\000a\000n\000c\000e\000\040\000r\000e\000s\000u\000l\000t\000s}{appendix.B}% 34
\BOOKMARK [3][-]{subsubsection.B.2.1}{\376\377\000F\000e\000w\000-\000s\000h\000o\000t\000\040\000l\000e\000a\000r\000n\000i\000n\000g\000\040\000o\000n\000\040\000c\000l\000a\000s\000s\000i\000f\000i\000c\000a\000t\000i\000o\000n\000\040\000t\000a\000s\000k\000s}{subsection.B.2}% 35
\BOOKMARK [3][-]{subsubsection.B.2.2}{\376\377\000F\000i\000n\000e\000-\000t\000u\000n\000i\000n\000g\000\040\000F\000l\000a\000m\000i\000n\000g\000o\000\040\000a\000s\000\040\000a\000\040\000p\000r\000e\000t\000r\000a\000i\000n\000e\000d\000\040\000v\000i\000s\000i\000o\000n\000-\000l\000a\000n\000g\000u\000a\000g\000e\000\040\000m\000o\000d\000e\000l}{subsection.B.2}% 36
\BOOKMARK [3][-]{subsubsection.B.2.3}{\376\377\000Z\000e\000r\000o\000-\000s\000h\000o\000t\000\040\000p\000e\000r\000f\000o\000r\000m\000a\000n\000c\000e\000\040\000o\000f\000\040\000t\000h\000e\000\040\000p\000r\000e\000t\000r\000a\000i\000n\000e\000d\000\040\000c\000o\000n\000t\000r\000a\000s\000t\000i\000v\000e\000\040\000m\000o\000d\000e\000l}{subsection.B.2}% 37
\BOOKMARK [2][-]{subsection.B.3}{\376\377\000E\000x\000t\000e\000n\000d\000e\000d\000\040\000a\000b\000l\000a\000t\000i\000o\000n\000\040\000s\000t\000u\000d\000i\000e\000s}{appendix.B}% 38
\BOOKMARK [3][-]{subsubsection.B.3.1}{\376\377\000F\000l\000a\000m\000i\000n\000g\000o}{subsection.B.3}% 39
\BOOKMARK [3][-]{subsubsection.B.3.2}{\376\377\000D\000a\000t\000a\000s\000e\000t\000\040\000m\000i\000x\000i\000n\000g\000\040\000s\000t\000r\000a\000t\000e\000g\000i\000e\000s\000\040\000f\000o\000r\000\040\000t\000h\000e\000\040\000c\000o\000n\000t\000r\000a\000s\000t\000i\000v\000e\000\040\000p\000r\000e\000t\000r\000a\000i\000n\000i\000n\000g}{subsection.B.3}% 40
\BOOKMARK [1][-]{appendix.C}{\376\377\000Q\000u\000a\000l\000i\000t\000a\000t\000i\000v\000e\000\040\000r\000e\000s\000u\000l\000t\000s}{}% 41
\BOOKMARK [1][-]{appendix.D}{\376\377\000D\000i\000s\000c\000u\000s\000s\000i\000o\000n}{}% 42
\BOOKMARK [2][-]{subsection.D.1}{\376\377\000L\000i\000m\000i\000t\000a\000t\000i\000o\000n\000s\000,\000\040\000f\000a\000i\000l\000u\000r\000e\000\040\000c\000a\000s\000e\000s\000\040\000a\000n\000d\000\040\000o\000p\000p\000o\000r\000t\000u\000n\000i\000t\000i\000e\000s}{appendix.D}% 43
\BOOKMARK [2][-]{subsection.D.2}{\376\377\000B\000e\000n\000e\000f\000i\000t\000s\000,\000\040\000r\000i\000s\000k\000s\000\040\000a\000n\000d\000\040\000m\000i\000t\000i\000g\000a\000t\000i\000o\000n\000\040\000s\000t\000r\000a\000t\000e\000g\000i\000e\000s}{appendix.D}% 44
\BOOKMARK [3][-]{subsubsection.D.2.1}{\376\377\000B\000e\000n\000e\000f\000i\000t\000s}{subsection.D.2}% 45
\BOOKMARK [3][-]{subsubsection.D.2.2}{\376\377\000R\000i\000s\000k\000s\000\040\000a\000n\000d\000\040\000m\000i\000t\000i\000g\000a\000t\000i\000o\000n\000\040\000s\000t\000r\000a\000t\000e\000g\000i\000e\000s}{subsection.D.2}% 46
\BOOKMARK [1][-]{appendix.E}{\376\377\000F\000l\000a\000m\000i\000n\000g\000o\000\040\000M\000o\000d\000e\000l\000\040\000C\000a\000r\000d}{}% 47
\BOOKMARK [1][-]{appendix.F}{\376\377\000D\000a\000t\000a\000s\000h\000e\000e\000t\000s}{}% 48
\BOOKMARK [2][-]{subsection.F.1}{\376\377\000M\0003\000W\000\040\000d\000a\000t\000a\000s\000e\000t}{appendix.F}% 49
\BOOKMARK [2][-]{subsection.F.2}{\376\377\000I\000m\000a\000g\000e\000\040\000a\000n\000d\000\040\000v\000i\000d\000e\000o\000\040\000t\000e\000x\000t\000\040\000p\000a\000i\000r\000\040\000d\000a\000t\000a\000s\000e\000t\000s}{appendix.F}% 50
\BOOKMARK [3][-]{subsubsection.F.2.1}{\376\377\000D\000a\000t\000a\000s\000h\000e\000e\000t\000\040\000f\000o\000r\000\040\000L\000T\000I\000P}{subsection.F.2}% 51
\BOOKMARK [3][-]{subsubsection.F.2.2}{\376\377\000D\000a\000t\000a\000s\000h\000e\000e\000t\000\040\000f\000o\000r\000\040\000V\000T\000P}{subsection.F.2}% 52
\BOOKMARK [1][-]{appendix.G}{\376\377\000C\000r\000e\000d\000i\000t\000\040\000f\000o\000r\000\040\000v\000i\000s\000u\000a\000l\000\040\000c\000o\000n\000t\000e\000n\000t}{}% 53
